<object-stream>
<org.drools.core.audit.WorkingMemoryLog>
  <version>6.1</version>
  <events>
    <org.drools.core.audit.event.ObjectLogEvent>
      <type>1</type>
      <factId>1</factId>
      <objectToString>1</objectToString>
    </org.drools.core.audit.event.ObjectLogEvent>
    <org.drools.core.audit.event.RuleFlowGroupLogEvent>
      <type>12</type>
      <groupName>Test Group</groupName>
      <size>1</size>
    </org.drools.core.audit.event.RuleFlowGroupLogEvent>
    <org.drools.core.audit.event.RuleFlowGroupLogEvent>
      <type>13</type>
      <groupName>Test Group</groupName>
      <size>1</size>
    </org.drools.core.audit.event.RuleFlowGroupLogEvent>
    <org.drools.core.audit.event.ActivationLogEvent>
      <type>4</type>
      <activationId>Test Rule [1]</activationId>
      <rule>Test Rule</rule>
      <declarations></declarations>
      <ruleFlowGroup>Test Group</ruleFlowGroup>
      <factHandleIds>1</factHandleIds>
    </org.drools.core.audit.event.ActivationLogEvent>
    <org.drools.core.audit.event.ActivationLogEvent>
      <type>6</type>
      <activationId>Test Rule [1]</activationId>
      <rule>Test Rule</rule>
      <declarations></declarations>
      <ruleFlowGroup>Test Group</ruleFlowGroup>
      <factHandleIds>1</factHandleIds>
    </org.drools.core.audit.event.ActivationLogEvent>
    <org.drools.core.audit.event.ObjectLogEvent>
      <type>1</type>
      <factId>2</factId>
      <objectToString>test</objectToString>
    </org.drools.core.audit.event.ObjectLogEvent>
    <org.drools.core.audit.event.ActivationLogEvent>
      <type>7</type>
      <activationId>Test Rule [1]</activationId>
      <rule>Test Rule</rule>
      <declarations></declarations>
      <ruleFlowGroup>Test Group</ruleFlowGroup>
      <factHandleIds>1</factHandleIds>
    </org.drools.core.audit.event.ActivationLogEvent>
    <org.drools.core.audit.event.RuleFlowGroupLogEvent>
      <type>14</type>
      <groupName>Test Group</groupName>
      <size>0</size>
    </org.drools.core.audit.event.RuleFlowGroupLogEvent>
    <org.drools.core.audit.event.RuleFlowGroupLogEvent>
      <type>15</type>
      <groupName>Test Group</groupName>
      <size>0</size>
    </org.drools.core.audit.event.RuleFlowGroupLogEvent>
  </events>
  <engine>PHREAK</engine>
</org.drools.core.audit.WorkingMemoryLog>
</object-stream>
